<?xml version="1.0" encoding="UTF-8"?>
<!-- Generated by org.testng.reporters.JUnitReportReporter -->
<testsuite hostname="Windows7-PC" name="MavenPractise.DemoTest" tests="4" failures="0" timestamp="19 Jan 2022 06:50:49 GMT" time="0.063" errors="0">
  <testcase name="multi" time="0.000" classname="MavenPractise.DemoTest"/>
  <testcase name="div" time="0.047" classname="MavenPractise.DemoTest"/>
  <testcase name="sub" time="0.000" classname="MavenPractise.DemoTest"/>
  <testcase name="sum" time="0.016" classname="MavenPractise.DemoTest"/>
</testsuite> <!-- MavenPractise.DemoTest -->
